timestep	temperature	potential_energy	kinetic_energy	bond_harmonic_energy	pppm_energy	pair_lj_energy	angle_harmonic_energy
20000	0.05851304154	42.26499276	0.1755391246	8.982551926	-12.73935286	0	0.00128884387
20100	1318.750082	1303.852969	3956.250247	1189.418694	-12.73935286	0	51.83081587
20200	404.2444003	1033.582724	1212.733201	998.9647798	-12.63315723	0	1.671635116
20300	921.5640361	3274.42691	2764.692108	2832.399097	-11.99836522	0	387.0602659
20400	817.0265494	4660.735315	2451.079648	4311.868475	-12.73935286	0	304.2880477
20500	413.6211706	2900.708416	1240.863512	2581.336847	-12.73935286	0	275.7659841
20600	604.2948936	3737.092803	1812.884681	3505.162071	-12.63315723	0	202.183283
20700	208.1109356	658.4981721	624.3328068	620.3019834	-12.73935286	0	7.943390906
20800	551.9987125	1609.910539	1655.996137	1546.871688	-12.45320314	0	29.85026249
20900	381.3528989	3423.529937	1144.058697	3166.33122	-11.92654845	0	224.9075992
21000	769.6638693	3245.138145	2308.991608	2688.495684	-12.73935286	0	520.6044735
21100	438.4921262	829.6177297	1315.476379	666.4729484	-12.73935286	0	125.1728168
21200	269.3905635	3590.069575	808.1716905	3411.617643	-12.73935286	0	155.6945579
21300	732.7805381	6603.812569	2198.341614	6381.404663	-11.99836521	0	193.777396
21400	690.0987057	1511.480674	2070.296117	1323.461917	-12.73935286	0	152.7562104
21500	574.4596578	4973.152395	1723.378973	4878.231318	-12.45320314	0	67.78058113
21600	2136.15852	249.8277652	6408.475561	106.1981684	-12.63315723	0	111.2361402
21700	420.3990858	1323.445831	1261.197258	1233.810497	-12.73935286	0	41.33515589
21800	1087.690874	3951.405186	3263.072623	3334.988474	-12.73935286	0	563.1195556
21900	303.5170597	4396.24492	910.5511792	4246.200933	-12.73935286	0	119.3959187
22000	1404.724723	1841.662422	4214.17417	1759.023425	-12.73935286	0	24.18891953
22100	315.9220043	10560.04034	947.766013	10250.05966	-12.63315724	0	285.9548097
22200	1462.745523	3835.14532	4388.236569	3348.161137	-12.73935286	0	448.7438437
22300	583.9480831	6092.21179	1751.844249	5927.102981	-12.45320314	0	137.5150987
22400	696.6413713	2022.199087	2089.924114	1993.211203	-12.45320311	0	3.583529366
22500	249.809436	3774.984162	749.4283081	3745.953385	-12.73935286	0	1.663805292
22600	646.1682903	2340.930291	1938.504871	1660.853419	-12.63315723	0	637.2381499
22700	1144.092687	686.9884287	3432.278062	631.9791278	-12.73935286	0	4.009526063
22800	633.3543915	1817.186139	1900.063175	1720.437704	-12.73935286	0	65.95993211
22900	796.7644731	3922.782236	2390.293419	3546.643031	-11.92654839	0	339.028166
23000	1998.159806	690.5951452	5994.479418	627.7909364	-12.45320311	0	29.28583071
23100	827.6266696	6677.657525	2482.880009	6543.676456	-12.45320314	0	104.3640262
23200	743.5738959	3672.948134	2230.721688	3637.225531	-12.73935286	0	5.284985678
23300	377.7206686	7350.397383	1133.162006	7317.149311	-11.99836534	0	9.93376124
23400	772.0005362	523.9298958	2316.001609	467.7645986	-12.73935286	0	17.05349915
23500	1117.678056	5997.141789	3353.034169	5971.544464	-12.73935286	0	0.005976775679
23600	197.3480765	5648.96811	592.0442294	5544.935353	-12.73935286	0	79.82694413
23700	437.0936423	3132.748921	1311.280927	3004.347893	-12.73935286	0	99.8885843
23800	608.703069	1840.470932	1826.109207	1296.665299	-11.99836519	0	495.4453125
23900	750.3797252	1586.066717	2251.139176	1555.6666	-12.73935286	0	5.592549551
24000	542.4876304	2319.839769	1627.462891	2015.444127	-12.73935286	0	268.2538374
24100	328.6170991	642.7053362	985.8512972	583.7295291	-12.63315723	0	14.92950281
24200	614.4178271	1241.60487	1843.253481	1177.921169	-12.73935286	0	31.38508161
24300	515.864403	2566.401053	1547.593209	2415.360832	-12.45320311	0	120.5040364
24400	606.6633756	1136.161502	1819.990127	1011.728751	-12.63315723	0	88.61849521
24500	315.9099254	4295.029775	947.7297763	4054.699223	-11.99836519	0	202.8772214
24600	422.8531797	1420.614991	1268.559539	1221.734009	-12.73935286	0	162.4150015
24700	380.724421	7855.690623	1142.173263	7333.771641	-12.73935286	0	496.9665885
24800	2052.355139	1418.492172	6157.065416	1214.54563	-12.73935286	0	129.9112423
24900	870.6385154	2973.552013	2611.915546	2859.809344	-12.73935286	0	20.87924369
25000	359.8347307	3635.205081	1079.504192	3385.144719	-12.73935286	0	219.9388089
25100	233.6101237	791.4779412	700.8303712	738.4909388	-12.73935286	0	4.770507931
25200	657.8423541	2526.968487	1973.527062	2503.174934	-12.73935286	0	0.2321570747
25300	589.1681409	2159.96614	1767.504423	1959.497227	-12.63315723	0	167.1724745
25400	361.2536396	1457.821791	1083.760919	1390.496651	-12.63315723	0	4.474513926
25500	156.0102529	4290.25267	468.0307587	4270.193614	-12.73935286	0	0.2718998768
25600	2136.158569	963.8671806	6408.475708	821.1368753	-12.4532031	0	119.2360232
25700	527.0286012	5304.631929	1581.085804	5122.168343	-12.73935286	0	151.799582
25800	608.1932329	1973.047708	1824.579699	1932.258438	-12.63315723	0	11.54468701
25900	703.9906635	5655.369388	2111.97199	5624.096917	-12.45320311	0	1.187212562
26000	600.8722992	5063.20686	1802.616898	4922.973151	-12.45320311	0	109.6840377
26100	250.9974641	4083.741903	752.9923923	4057.687801	-12.73935286	0	1.769204604
26200	236.7279475	6772.691019	710.1838426	6583.016995	-12.73935286	0	160.259672
26300	185.9705631	3793.718354	557.9116894	3685.454606	-12.73935286	0	80.52511946
26400	847.230921	1949.709152	2541.692763	1892.458441	-12.45320314	0	25.24620823
26500	456.4972786	5807.657383	1369.491836	5428.978514	-12.73935286	0	337.2945081
26600	1716.8401	3229.515372	5150.5203	2396.880985	-12.73935286	0	732.0719493
26700	1447.531559	1876.581011	4342.594678	1582.1066	-12.73935286	0	241.0227066
26800	1008.648894	2764.169515	3025.946682	2328.406137	-11.99836535	0	399.7071448
26900	968.9443196	3382.257466	2906.832959	3101.112928	-12.73935286	0	250.0870985
27000	775.3248185	432.9747452	2325.974455	394.374553	-12.45320311	0	1.6306754
27100	728.5091284	1806.474519	2185.527385	1777.322314	-12.63315723	0	1.674183633
27200	315.3285481	1449.092369	945.9856442	1402.964072	-12.73935286	0	16.41150246
27300	363.4515451	1021.401466	1090.354635	905.1867919	-12.63315723	0	82.81174444
27400	1020.417146	345.2719462	3061.251439	177.7306452	-12.53997641	0	139.4227145
27500	137.997147	4749.609085	413.9914411	4702.447041	-12.73935286	0	8.753145085
27600	374.9229736	2249.389105	1124.768921	1763.867431	-12.63315723	0	446.4484765
27700	1065.816126	897.814556	3197.448378	826.3970364	-11.99836533	0	42.70539855
27800	845.5912242	2569.30874	2536.773673	2530.77044	-12.73935286	0	9.60502122
27900	187.599838	3676.946708	562.7995141	3637.197603	-12.32564362	0	15.09340284
28000	1288.573708	4390.566442	3865.721125	3590.979549	-11.99836533	0	721.124804
28100	805.6424807	6054.439166	2416.927442	5597.889342	-12.73935286	0	429.3981747
28200	731.8781307	8483.601673	2195.634392	8283.784826	-12.73935286	0	171.1949494
28300	502.9226674	2990.977413	1508.768002	2664.541367	-12.73935286	0	284.4317032
28400	361.3533165	4357.471249	1084.059949	4251.141926	-12.45320311	0	76.67573714
28500	342.331963	2843.047813	1026.995889	2797.353623	-12.63315723	0	0.529188315
28600	231.4539185	1000.325883	694.3617556	957.2657594	-12.63315723	0	1.928699465
28700	743.3079779	1690.006679	2229.923934	1657.817274	-12.73935286	0	0.2477769153
28800	1449.042646	2771.66038	4347.127939	2729.224272	-12.73935286	0	14.06616135
28900	1105.168859	584.2859387	3315.506578	541.8723869	-12.45320311	0	14.29207238
29000	456.6720409	7360.334707	1370.016123	7134.773033	-12.73935286	0	201.2169554
29100	199.187431	5597.219862	597.5622929	5339.966818	-12.73935286	0	226.1633711
29200	658.3682967	7463.61538	1975.10489	7192.141094	-12.73935286	0	237.8271705
29300	292.1498771	5479.674506	876.4496314	5130.487142	-12.73935286	0	306.478866
29400	1808.74271	1502.383785	5426.228129	1452.822987	-12.73935286	0	3.875053206
29500	786.2009393	1825.703658	2358.602818	1340.761785	-12.73935286	0	435.3410921
29600	676.6681822	798.1282318	2030.004547	636.6047928	-12.63315723	0	123.8264745
29700	464.4442635	6519.990036	1393.332791	6493.631058	-12.73935286	0	0.4604818466
29800	564.6233791	1900.379422	1693.870137	1732.765456	-12.73935286	0	131.7860132
29900	1638.360567	707.377015	4915.081701	655.0835857	-12.73935286	0	5.600953158
30000	547.1124366	1210.955991	1641.33731	1152.119867	-12.45320309	0	28.60571922
30100	1803.364078	1241.123183	5410.092234	1210.617629	-12.73935286	0	1.876380719
30200	1437.650398	1403.551155	4312.951195	1112.126575	-12.73935286	0	242.5476153
30300	482.0788923	1043.882673	1446.236677	909.8449168	-12.73935286	0	91.44253184
30400	394.005153	826.8800919	1182.015459	767.7343934	-12.73935286	0	7.22445293
30500	642.4723918	1247.355481	1927.417176	1189.573446	-12.63315723	0	24.29329429
30600	155.7040719	1033.048511	467.1122158	991.5494689	-12.73935286	0	10.91515369
30700	201.0600364	1879.074816	603.1801092	1822.622442	-12.73935286	0	19.80315161
30800	269.0302662	1213.561122	807.0907985	1095.339598	-12.73935286	0	83.33765233
30900	893.8582962	359.7406129	2681.574889	147.7233037	-12.73935286	0	164.4250256
31000	576.3381926	2821.96648	1729.014578	2691.426719	-12.73935286	0	102.963563
31100	560.2768617	3387.199015	1680.830585	3126.534248	-12.73935286	0	222.7231823
31200	387.5619922	3209.282934	1162.685977	3126.963374	-12.4532031	0	55.9327958
31300	179.8717887	3116.35127	539.6153661	2787.453754	-12.73935286	0	295.2652294
31400	227.6896062	235.8416457	683.0688185	201.9490274	-12.73935286	0	2.818926866
31500	476.5716389	1343.535911	1429.714917	940.5267214	-12.73935286	0	357.9193624
31600	405.3438151	3288.444306	1216.031445	3023.992315	-12.73935286	0	227.6122091
31700	842.5398719	826.4179475	2527.619616	744.5207095	-12.73935286	0	36.47457378
31800	856.2200172	1338.963816	2568.660052	1246.315021	-12.73935286	0	40.13115315
31900	610.3330374	2858.509942	1830.999112	2612.394872	-12.63315723	0	213.8539487
32000	755.9864851	115.8032723	2267.959455	28.22218319	-12.73935286	0	45.02492005
32100	508.2195082	2033.417433	1524.658525	1980.891451	-12.73935286	0	3.492313844
32200	517.88573	410.1839929	1553.65719	335.2020883	-12.73935286	0	38.77212316
32300	553.113857	146.8003858	1659.341571	110.1063799	-12.73935286	0	2.552144397
32400	1183.774566	1432.630048	3551.323699	1092.290832	-12.63315723	0	297.5165587
32500	864.4429667	1393.445221	2593.3289	1248.228105	-12.73935286	0	92.5407145
32600	706.2183736	4913.408059	2118.655121	4368.811574	-11.99836534	0	511.1101735
32700	1029.012986	3552.533017	3087.038958	3483.262094	-12.45320309	0	42.67763522
32800	548.8912525	3910.664668	1646.673757	3452.559296	-12.73935286	0	422.5001696
32900	266.0004869	7354.190174	798.0014608	7079.902609	-11.99836534	0	239.628477
33000	484.5713195	1528.071703	1453.713958	1442.920077	-12.63315723	0	53.99507674
33100	1283.636031	1865.816829	3850.908092	1692.174053	-11.99836534	0	139.7025216
33200	541.2974607	2576.968598	1623.892382	2092.761026	-12.73935286	0	447.4438109
33300	480.5094436	787.8105967	1441.528331	630.7005421	-12.73935286	0	116.3051379
33400	1622.351932	2177.750046	4867.055797	2056.805236	-12.73935286	0	50.49123444
33500	280.4895376	1463.773623	841.4686128	1331.105713	-12.73935286	0	98.03611177
33600	344.6214551	5490.521781	1033.864365	5184.44111	-12.73935286	0	281.2927599
33700	1563.768911	3343.182796	4691.306734	2721.558638	-12.63315723	0	570.0153015
33800	423.0303973	3162.931347	1269.091192	3086.307106	-12.63315723	0	51.20013782
33900	1683.385164	1584.688612	5050.155492	1376.799476	-12.63315724	0	158.1075268
34000	311.955088	2683.690089	935.8652639	2366.697067	-12.73935286	0	272.7719171
34100	270.4893937	3067.201762	811.4681812	2828.116546	-11.99836522	0	207.0209382
34200	607.2036375	1087.535659	1821.610913	777.6076503	-12.73935286	0	260.066549
34300	551.3228986	1115.529108	1653.968696	920.0974454	-12.73935286	0	166.0054174
34400	431.8903541	3347.116836	1295.671062	3233.651984	-12.73935286	0	81.74923595
34500	636.6379155	3632.198081	1909.913746	3302.818128	-12.63315723	0	294.6500216
34600	582.2171053	2014.064067	1746.651316	1713.937801	-12.73935286	0	247.4806612
34700	1199.315354	1456.042948	3597.946061	1340.616377	-12.73935286	0	71.23985519
34800	306.5533344	626.9350052	919.6600032	532.9581647	-12.63315723	0	58.66634011
34900	499.0686371	3444.12563	1497.205911	3255.085766	-12.73935286	0	155.0940891
35000	703.9541018	5069.08724	2111.862305	4540.681035	-12.73935286	0	486.8365817
35100	354.2895042	8024.338077	1062.868512	7998.874274	-12.73935286	0	0.1643274055
35200	607.1347827	376.6037616	1821.404348	264.3822872	-12.73935286	0	83.6344481
35300	731.3327582	1904.739006	2193.998275	1098.556816	-12.73935286	0	757.9102529
35400	2045.634988	1619.983784	6136.904963	1561.985606	-12.45320311	0	9.574390953
35500	469.2868902	525.8786616	1407.86067	331.6790907	-12.73935286	0	140.9404532
35600	760.7383719	259.2973202	2282.215116	156.1497004	-12.73935286	0	53.64265561
35700	817.3375492	856.5448287	2452.012648	791.8214223	-12.73935286	0	17.33476833
35800	495.4671355	425.7349095	1486.401406	366.8320241	-12.73935286	0	11.94020283
35900	580.5081718	605.6739119	1741.524515	321.6759211	-12.73935286	0	210.1048107
36000	841.0255188	3018.238689	2523.076556	2986.282326	-12.73935286	0	4.865244594
36100	186.914671	324.8753875	560.7440129	286.1044682	-12.73935286	0	1.759066589
36200	1390.416491	2401.174439	4171.249472	2250.507134	-11.99836519	0	119.3338605
36300	959.2919221	2335.531843	2877.875766	1649.918669	-12.73935286	0	630.639358
36400	2136.158602	2396.183836	6408.475807	2313.376396	-12.73935286	0	23.78660424
36500	1721.379565	2422.447222	5164.138694	2069.258307	-12.73935286	0	296.2653186
36600	1940.115638	3094.109363	5820.346913	2395.133539	-12.73935286	0	651.68235
36700	853.360231	1885.984086	2560.080693	1601.794105	-12.63315723	0	246.1414568
36800	1277.407198	7348.426179	3832.221593	7072.176394	-12.73935286	0	243.6563735
36900	136.9006357	1443.271916	410.7019071	1415.254352	-12.73935286	0	0.2756352753
37000	333.1004134	2475.978092	999.3012401	2365.324804	-12.73935286	0	78.9309303
37100	2022.079717	838.9427318	6066.239152	740.1872148	-12.63315724	0	57.47396188
37200	256.9897719	3548.359656	770.9693156	3431.479234	-12.73935286	0	88.97027301
37300	744.7741579	3335.613956	2234.322474	3299.09288	-12.73935286	0	10.42079143
37400	694.8786995	4063.517409	2084.636098	3725.001062	-12.73935286	0	293.5835842
37500	251.5676374	4107.150028	754.7029121	4074.415348	-12.73935286	0	4.673644777
37600	1462.944964	2317.488597	4388.834892	2287.758892	-12.73935286	0	0.3347291349
37700	220.4375786	2495.296928	661.3127357	2366.8605	-12.73935286	0	98.07357453
37800	1683.700883	2138.586664	5051.102649	1915.110931	-12.4532031	0	165.4609598
37900	605.0063207	6682.715544	1815.018962	6477.179328	-11.99836523	0	173.9717634
38000	646.9788162	5312.944834	1940.936449	5113.890403	-12.73935286	0	165.4020165
38100	841.6511277	685.1335523	2524.953383	639.6662417	-12.73935286	0	0.6918745142
38200	579.1744124	3456.287448	1737.523237	3214.804089	-12.73935286	0	203.3778224
38300	1519.689344	1117.234583	4559.068031	1060.173574	-12.73935286	0	7.14711656
38400	614.1758454	1741.672517	1842.527536	1112.944258	-12.73935286	0	576.5719288
38500	668.2996281	997.8660535	2004.898884	602.3653049	-11.92654846	0	342.7076357
38600	844.1130737	3015.337737	2532.339221	2859.649835	-12.45320309	0	128.1655679
38700	974.1225908	725.2325944	2922.367772	577.5556256	-12.73935286	0	99.18715508
38800	459.3953004	4822.299819	1378.185901	4556.825976	-12.73935286	0	229.0507621
38900	629.4009429	1443.42704	1888.202829	1367.107962	-12.73935286	0	24.97258234
39000	528.5066035	1025.765998	1585.51981	844.7894395	-12.73935286	0	143.1316142
39100	1874.768673	3304.275162	5624.30602	2703.807027	-11.92654847	0	522.8454315
39200	222.2223339	1783.600794	666.6670018	1749.11463	-12.73935286	0	0.1839068313
39300	824.2710467	338.6142931	2472.81314	250.881865	-12.73935286	0	51.9283698
39400	1052.892994	6982.804444	3158.678981	6956.290596	-12.73935286	0	0.1912656871
39500	553.0659421	5437.44	1659.197826	5285.872716	-12.73935286	0	121.9725858
39600	1618.882802	6341.266014	4856.648407	5966.780482	-12.73935286	0	337.4899391
39700	1098.583151	1440.538735	3295.749452	1144.821474	-12.73935286	0	248.8436977
39800	906.6230671	2340.730082	2719.869201	2088.580067	-12.73935286	0	165.2220246
39900	306.1898758	937.5339516	918.5696275	901.6881798	-12.63315723	0	2.291200145
40000	875.8915657	226.7265526	2627.674697	184.8608959	-12.63315723	0	0.4390871392
40100	614.9839018	1775.665683	1844.951706	1571.460945	-12.63315723	0	169.0431516
40200	288.2043509	496.7068671	864.6130526	311.2515282	-12.63315723	0	143.5090288
40300	377.749397	3703.821399	1133.248191	3406.493732	-12.73935286	0	256.6367874
40400	279.1303626	2234.752609	837.3910877	2139.046921	-12.73935286	0	67.44146291
40500	387.671716	5963.867938	1163.015148	5542.624919	-12.73935286	0	375.181265
40600	198.6189631	5266.301048	595.8568893	4815.628266	-12.45320311	0	396.5096237
40700	262.8469531	1754.029476	788.5408593	1704.71163	-12.73935286	0	0.3938746832
40800	623.4119672	9021.881183	1870.235902	8716.988125	-12.73935286	0	272.6666072
40900	519.4052055	4591.12214	1558.215617	4308.794234	-12.73935286	0	247.4505613
41000	364.6608373	358.0606876	1093.982512	236.8090875	-12.63315723	0	80.9058204
41100	352.2233206	690.2137221	1056.669962	635.7055209	-12.73935286	0	27.4315246
41200	339.2455668	496.8828594	1017.7367	343.8933543	-12.73935286	0	119.0842969
41300	1494.970993	6757.748783	4484.912979	6450.50265	-12.73935286	0	270.4344064
41400	961.3243491	2905.623761	2883.973047	2796.51784	-12.73935286	0	77.80738836
41500	1234.676784	2839.687547	3704.030353	2811.913204	-12.73935286	0	0.02101824853
41600	498.2896912	1093.675721	1494.869073	1028.381044	-12.73935286	0	7.693661134
41700	998.2726882	189.398615	2994.818065	37.74563591	-12.73935286	0	123.2874069
41800	115.3232417	768.071013	345.969725	710.5981681	-12.73935286	0	16.28440709
41900	368.3426739	2069.938885	1105.028022	1720.744337	-12.73935286	0	263.1263126
42000	561.4556311	2369.230031	1684.366893	2005.131101	-12.73935286	0	327.9543158
42100	794.1244012	922.631962	2382.373204	839.0287806	-12.73935286	0	41.01791982
42200	253.0875259	2565.81874	759.2625778	2363.635743	-12.63315723	0	169.9744938
42300	1056.282887	876.3512243	3168.84866	705.5338325	-12.4532031	0	138.4281636
42400	222.3602301	2342.149967	667.0806903	1994.206538	-12.73935286	0	304.1834979
42500	333.807455	8406.565283	1001.422365	8069.957147	-12.73935286	0	312.6424012
42600	1311.181066	698.7675892	3933.543197	653.8646887	-12.73935286	0	17.75485462
42700	535.2724852	746.8430067	1605.817456	680.0196382	-12.73935286	0	19.59698853
42800	581.8218872	2016.50356	1745.465662	1972.683372	-12.73935286	0	2.113315706
42900	603.6089801	1332.175056	1810.82694	1300.205664	-12.73935286	0	3.806484523
43000	320.3318102	7741.877354	960.9954306	7119.156635	-12.73935286	0	587.5718201
43100	470.9748034	463.4882998	1412.92441	266.802313	-12.73935286	0	163.8155978
43200	620.7636053	4532.365228	1862.290816	4062.21767	-12.4532031	0	410.5133637
43300	382.4609794	3353.300644	1147.382938	3133.247115	-12.73935286	0	184.3387926
43400	360.8135514	5766.370393	1082.440654	5522.06409	-12.73935286	0	210.2927396
43500	1039.11586	1694.442236	3117.347579	1554.342335	-12.73935286	0	92.16648426
43600	1808.245082	1686.768409	5424.735245	1537.227524	-12.73935286	0	95.48290372
43700	991.7791866	1852.906955	2975.33756	1551.886759	-12.73935286	0	256.216542
43800	365.223887	5173.647607	1095.671661	4979.943115	-12.63315723	0	161.2713873
43900	334.6544135	2717.693914	1003.963241	2468.559486	-12.3256436	0	215.507583
44000	2080.135659	1356.877228	6240.406978	1321.05759	-12.73935286	0	7.087053252
44100	332.1153481	5967.400962	996.3460444	5738.024326	-12.63315723	0	197.5654227
44200	675.7760288	2397.389918	2027.328086	1840.857901	-12.63315723	0	515.2576372
44300	1232.93379	3334.413493	3698.801369	3019.242666	-12.63315723	0	283.44344
44400	903.9707521	784.8950651	2711.912256	412.8145833	-11.99836535	0	309.4749598
44500	1391.823153	3774.296734	4175.46946	3642.283352	-12.63315723	0	98.85328702
44600	699.2928264	3100.913398	2097.878479	3064.326653	-12.73935286	0	10.57278313
44700	301.6782929	841.5039518	905.0348787	610.1517907	-12.73935286	0	174.0072705
44800	587.6662507	2302.173268	1762.998752	2165.629492	-12.73935286	0	54.74159316
44900	701.3486316	5974.129001	2104.045895	5839.433472	-12.45320311	0	103.7938927
45000	812.9833974	2189.749276	2438.950192	2136.190906	-12.73935286	0	20.74113581
45100	446.0961326	2952.704149	1338.288398	2351.593711	-11.92654845	0	551.166171
45200	286.7143802	1641.223527	860.1431406	1543.558171	-12.45320309	0	58.28182823
45300	493.651358	1648.100869	1480.954074	1001.444377	-11.99836535	0	598.1738177
45400	1251.603622	5059.296929	3754.810865	5035.627139	-12.45320309	0	1.794925113
45500	1727.468664	2868.702534	5182.405992	2608.061308	-12.73935286	0	188.3817411
45600	707.6594044	4325.408392	2122.978213	3817.665718	-12.73935286	0	447.1614446
45700	1731.67686	2131.953903	5195.030579	1999.434599	-12.63315723	0	74.30256252
45800	1873.111327	504.1894045	5619.333981	438.3938951	-11.7686486	0	30.38607073
45900	770.073943	5121.118471	2310.221829	4624.594476	-12.73935286	0	460.3024082
46000	413.5623882	6601.63826	1240.687165	6175.704056	-11.99836535	0	378.7008534
46100	362.3390768	7184.964518	1087.017231	7161.77092	-12.73935286	0	0.4696043222
46200	233.9213787	703.409957	701.7641361	652.58807	-12.73935286	0	3.848703929
46300	1167.658617	3711.754178	3502.97585	3213.610526	-12.73935286	0	446.5291886
46400	262.9420359	3425.968772	788.8261077	3216.060471	-11.99836534	0	174.9033141
46500	1308.631398	1088.468755	3925.894195	1061.434011	-12.63315723	0	0.01917579796
46600	688.5711423	615.5236177	2065.713427	586.3538705	-12.73935286	0	1.173845411
46700	520.5903924	6869.915126	1561.771177	6352.87166	-12.73935286	0	468.0083599
46800	449.2127247	2067.02064	1347.638174	2022.68682	-12.73935286	0	10.19973231
46900	251.7787891	2945.143423	755.3363674	2735.937742	-12.73935286	0	187.1884949
47000	571.9994108	628.9572536	1715.998232	370.3495219	-12.73935286	0	198.4348311
47100	344.5740231	2750.397806	1033.722069	2700.341044	-12.73935286	0	24.79602935
47200	375.5498885	644.2257078	1126.649666	570.0112498	-12.73935286	0	39.13803938
47300	812.4147267	932.9178786	2437.24418	832.1918459	-12.73935286	0	56.12226242
47400	657.7904127	1001.816198	1973.371238	965.685643	-12.73935286	0	6.99660184
47500	789.8072847	3887.695184	2369.421854	3854.785611	-12.73935286	0	7.676600782
47600	166.7477715	4973.705022	500.2433145	4804.819125	-12.63315723	0	142.6100556
47700	1750.355839	2160.427911	5251.067518	2031.516847	-12.63315723	0	65.52563488
47800	1291.090567	1232.618349	3873.271701	831.704577	-12.73935286	0	351.5876223
47900	882.6550966	4330.853575	2647.96529	4162.425717	-12.73935286	0	139.1147559
48000	1739.814003	172.4183777	5219.442009	0.1762924015	-12.45320309	0	143.1417851
48100	1732.875358	3618.317539	5198.626074	3259.517968	-12.45320309	0	316.6290702
48200	428.5371318	953.9560732	1285.611395	859.1811103	-12.73935286	0	37.22025154
48300	685.1308252	5232.305404	2055.392476	5065.022581	-12.73935286	0	136.2593198
48400	238.7789899	361.1561688	716.3369696	276.0126222	-12.73935286	0	49.62810885
48500	301.5317062	3304.099745	904.5951185	3259.464932	-12.73935286	0	18.45943742
48600	421.9607021	886.4176175	1265.882106	585.4796785	-12.73935286	0	250.5919033
48700	362.5434955	3547.796994	1087.630486	3404.578145	-12.73935286	0	114.3082887
48800	982.1130951	3002.181646	2946.339285	2784.122354	-12.73935286	0	186.870122
48900	853.6668725	818.9267784	2561.000617	680.7640635	-12.73935286	0	101.8089144
49000	435.1237157	2285.513592	1305.371147	2171.831563	-12.73935286	0	73.56467029
49100	539.0125368	2365.55228	1617.03761	2282.336618	-12.63315723	0	14.77999945
49200	268.3404988	669.8156102	805.0214963	618.3049118	-12.73935286	0	18.86481422
49300	787.7808056	3747.957312	2363.342417	3521.381223	-12.73935286	0	191.5874339
49400	1073.279678	2332.985027	3219.839035	2234.227439	-11.9983652	0	64.00610845
49500	571.7182559	2055.725456	1715.154768	2021.565557	-12.73935286	0	8.723547872
49600	390.3870083	968.9466909	1171.161025	898.1815438	-12.73935286	0	13.50919027
49700	955.0726644	7815.396904	2865.217993	7581.991611	-12.73935286	0	202.8570276
49800	250.6517629	439.5946909	751.9552887	391.2980997	-12.73935286	0	2.784033881
49900	870.0527972	5081.658808	2610.158392	5057.260967	-12.73935286	0	1.628784107
50000	324.2991731	2106.974096	972.8975194	1398.206293	-11.99836533	0	662.5882771
50100	284.2244803	1393.472904	852.6734408	1338.336873	-12.63315723	0	18.82332742
50200	476.206336	1185.842932	1428.619008	891.9184957	-11.76864854	0	245.1999119
50300	230.3903481	3347.421011	691.1710443	2891.524707	-12.73935286	0	395.3401771
50400	872.1726095	1824.171601	2616.517829	1471.608887	-12.73935286	0	313.4978555
50500	1419.528254	2036.857395	4258.584763	1919.524497	-12.73935286	0	85.42056398
50600	506.6509139	582.6572227	1519.952742	531.0388757	-12.63315723	0	5.051246287
50700	599.0256019	4731.906216	1797.076806	4550.556	-12.73935286	0	148.8766813
50800	628.9270937	4693.013194	1886.781281	4611.713747	-12.45320311	0	50.24192628
50900	509.9141531	495.1212008	1529.742459	323.3695337	-12.73935286	0	141.7992574
51000	421.2483259	2046.390898	1263.744978	1960.056018	-12.73935286	0	56.07316051
51100	80.73297667	1123.563115	242.19893	1004.351663	-12.73935286	0	85.21318413
51200	455.8636414	3861.508692	1367.590924	3790.767033	-12.73935286	0	43.07235315
51300	457.6687372	11382.66459	1373.006212	10779.86324	-12.73935286	0	568.7337081
51400	996.9212453	1746.127467	2990.763736	1493.733737	-12.73935286	0	215.8330452
51500	1213.181143	1330.557234	3639.543429	1287.320998	-12.73935286	0	12.4576595
51600	1329.902626	4502.986568	3989.707878	4411.807393	-12.45320314	0	2.920524932
51700	695.9338513	145.0330202	2087.801554	17.8283109	-12.73935286	0	97.41775337
51800	798.7772999	5238.206922	2396.3319	5197.700835	-12.73935286	0	15.49463149
51900	254.2747981	6727.424154	762.8243944	6615.827455	-12.73935286	0	85.08823492
52000	496.6154131	961.4151099	1489.846239	727.6686066	-12.73935286	0	192.9590519
52100	326.9995566	617.5293542	980.9986699	497.4384795	-12.73935286	0	81.43021193
52200	364.0837139	3103.458495	1092.251142	2643.129333	-12.73935286	0	400.8194435
52300	866.3214236	261.6109924	2598.964271	79.14930931	-12.73935286	0	130.9267806
52400	140.5657013	6970.097224	421.697104	6651.062101	-11.99836534	0	280.8244542
52500	402.3835242	1566.712037	1207.150572	1421.961402	-12.63315723	0	111.3509322
52600	414.8529356	4085.394622	1244.558807	4043.583121	-12.73935286	0	15.91950395
52700	240.537114	1258.410222	721.6113421	964.2880612	-12.63315723	0	214.5688327
52800	1202.357571	1515.417508	3607.072714	1025.031611	-12.73935286	0	426.3154702
52900	441.7531984	2196.26555	1325.259595	2052.548003	-12.73935286	0	112.2752844
53000	564.1784784	952.9198249	1692.535435	906.6647946	-12.73935286	0	0.02680028719
53100	501.7206286	3538.118394	1505.161886	3405.416479	-12.73935286	0	102.2130672
53200	324.687342	7903.444233	974.062026	7838.843585	-12.63315723	0	40.30415977
53300	50.58006432	1465.708795	151.7401929	1349.303663	-12.73935286	0	84.71442611
53400	1014.74167	604.8976544	3044.225011	263.6484433	-12.73935286	0	306.4532222
53500	844.6628684	2105.762468	2533.988605	1812.490863	-12.73935286	0	257.1489251
53600	290.2846597	2303.314036	870.8539792	2240.739616	-12.63315723	0	35.46166139
53700	600.9013486	4057.449514	1802.704046	3732.554817	-12.73935286	0	281.0845602
53800	551.2256962	3094.686758	1653.677089	2899.349202	-12.4532031	0	161.4857169
53900	318.6730848	816.4349845	956.0192545	691.8281599	-12.73935286	0	82.19120257
54000	526.710305	1718.842994	1580.130915	1422.986451	-12.63315723	0	267.7606792
54100	333.6606789	2327.937209	1000.982037	2099.741721	-12.63315723	0	178.2057253
54200	1559.605775	7117.081268	4678.817324	6625.62362	-11.99836519	0	454.3613781
54300	707.1138329	325.649301	2121.341499	256.5453458	-12.73935286	0	39.18699334
54400	694.1314451	784.3336755	2082.394335	529.8648892	-12.73935286	0	209.3765264
54500	463.2800606	596.6066923	1389.840182	517.2297111	-12.73935286	0	46.49056813
54600	1358.178939	2933.280124	4074.536818	2904.315601	-12.63315723	0	2.993203736
54700	380.9984321	337.5395405	1142.995296	303.9518913	-12.73935286	0	4.898318712
54800	586.7981854	3095.383106	1760.394556	3068.290622	-12.63315723	0	2.969820156e-06
54900	414.3213649	306.5230849	1242.964095	261.2301278	-12.45320311	0	5.295233155
55000	550.2850558	12503.82146	1650.855167	12087.44848	-11.9983652	0	381.7352555
55100	354.4220155	939.7912231	1063.266046	571.8691771	-12.63315723	0	319.6438455
55200	827.4246778	4346.985096	2482.274033	4303.97362	-11.9983652	0	14.38397949
55300	733.13153	1138.264939	2199.39459	1013.170272	-12.73935286	0	78.28259586
55400	1288.670703	4061.358108	3866.012108	3993.789164	-12.73935286	0	35.05714623
55500	361.653548	3510.582906	1084.960644	3461.892571	-12.73935286	0	21.35845852
55600	609.3595978	334.2735725	1828.078793	68.7892733	-12.45320309	0	203.3683866
55700	518.9616212	2162.140939	1556.884864	1891.228336	-12.73935286	0	237.6700025
55800	274.027054	279.1543057	822.0811621	123.6127071	-12.73935286	0	101.6266189
55900	533.8940591	3242.170885	1601.682177	2942.66086	-12.73935286	0	255.3907307
56000	334.365804	277.5725182	1003.097412	122.475349	-11.99836534	0	106.907292
56100	595.0022317	4113.565178	1785.006695	3768.134728	-11.99836534	0	299.4476936
56200	245.6853967	688.5711968	737.05619	652.5636798	-12.73935286	0	9.240963271
56300	293.8712935	2418.481004	881.6138804	2332.967949	-12.73935286	0	57.28399518
56400	271.4329651	1610.737797	814.2988952	1582.454148	-12.73935286	0	0.1465337697
56500	810.4919136	4537.625857	2431.475741	4511.045888	-11.99836534	0	0.152825163
56600	652.2013862	6931.132305	1956.604159	6804.951715	-12.45320314	0	97.80819717
56700	1374.106699	1701.915284	4122.320097	1212.379805	-12.53997642	0	443.4028887
56800	793.2306439	635.6590862	2379.691932	374.7796355	-12.73935286	0	232.6565256
56900	289.2985354	7542.903935	867.8956061	7477.827738	-12.73935286	0	40.95681077
57000	577.66334	2152.622718	1732.99002	2120.186965	-12.73935286	0	7.473379848
57100	289.2236885	2617.955967	867.6710656	2530.17196	-11.99836534	0	59.89447663
57200	398.7820115	666.4032282	1196.346034	434.2852936	-12.73935286	0	186.7960214
57300	900.2743276	4094.980968	2700.822983	4026.860927	-12.73935286	0	38.26985155
57400	1125.018124	4420.934688	3375.054371	4388.211945	-12.63315723	0	12.07832736
57500	1328.945008	2154.433963	3986.835025	2083.302451	-12.73935286	0	7.072001192
57600	220.181039	1574.349245	660.543117	1463.17535	-12.73935286	0	77.31696517
57700	390.7217257	442.1769099	1172.165177	360.9156475	-12.73935286	0	38.17429027
57800	274.9876187	2959.628924	824.9628562	2871.209515	-12.73935286	0	61.43405506
57900	1108.2554	3938.426666	3324.766199	3914.240277	-12.73935286	0	0.5524435716
58000	564.9139494	1947.508373	1694.741848	1573.751861	-12.73935286	0	334.6400894
58100	1657.208723	3454.527585	4971.626169	3281.149738	-12.4532031	0	138.8326473
58200	2028.939165	2702.8181	6086.817496	2625.435902	-11.99836534	0	39.82137446
58300	735.0146228	1495.749759	2205.043869	1224.728799	-12.73935286	0	221.4345143
58400	496.9827672	401.7175289	1490.948302	358.1560297	-11.92654839	0	14.82075806
58500	391.5700619	4102.623761	1174.710186	3892.648633	-12.32564357	0	177.4552158
58600	1795.521856	6491.397267	5386.565567	6228.070167	-12.73935286	0	229.3058966
58700	1292.726006	100.992233	3878.178017	4.578722627	-12.4532031	0	66.87935858
58800	367.6183442	4780.397257	1102.855033	4444.468033	-11.99836522	0	294.6237263
58900	1276.157573	1835.287196	3828.47272	1739.620801	-12.73935286	0	45.45468862
59000	412.0943401	3511.820371	1236.28302	3404.653567	-12.73935286	0	62.87070115
59100	841.1190834	1552.604339	2523.35725	1457.274808	-12.73935286	0	36.25089474
59200	1004.444425	2528.380845	3013.333274	2480.739013	-12.73935286	0	19.89715294
59300	662.0997675	2905.272034	1986.299302	2659.028969	-12.63315723	0	207.7542435
59400	604.7568664	3546.64364	1814.270599	2942.401416	-12.73935286	0	567.5029926
59500	323.650244	3496.273793	970.950732	3475.87449	-12.73935286	0	0.2985549029
59600	815.6030164	1486.35644	2446.809049	1276.241687	-12.45320309	0	160.8149278
59700	982.7463577	1121.521068	2948.239073	1063.63482	-12.73935286	0	1.083473841
59800	1262.340987	4699.403231	3787.022961	4633.820596	-12.73935286	0	39.0436579
59900	199.4028019	2507.595577	598.2084056	2329.210704	-12.73935286	0	144.1104006
60000	1214.308554	2432.043835	3642.925662	2309.590859	-12.73935286	0	90.77733814
60100	373.5480449	4182.898174	1120.644135	4158.535502	-12.63315723	0	3.427837352
60200	907.1360831	489.3774795	2721.408249	380.5024947	-12.4532031	0	70.66213966
60300	265.8703022	2553.023643	797.6109067	2427.944299	-12.4532031	0	93.85673611
60400	1391.209512	2827.057986	4173.628537	2702.6894	-12.73935286	0	63.01877706
60500	202.0076485	5847.748269	606.0229454	5821.937391	-12.73935286	0	0.7661978624
60600	1458.757154	1402.049204	4376.271461	1318.305149	-12.73935286	0	55.39346394
60700	510.5453006	1029.754007	1531.635902	784.9320569	-12.45320309	0	201.0726151
60800	181.5081384	94.72331233	544.5244153	62.67966104	-12.73935286	0	0.08809070831
60900	1094.348378	2356.89878	3283.045135	2144.927863	-12.73935286	0	177.9834675
61000	920.4727175	4619.840343	2761.418152	4071.422406	-12.73935286	0	499.7529078
61100	327.841673	1201.126643	983.5250191	1032.904146	-12.73935286	0	122.563052
61200	298.2861018	1315.667616	894.8583053	731.1616252	-12.73935286	0	533.0341517
61300	742.7078211	3534.375475	2228.123463	3125.991052	-12.63315723	0	369.9340606
61400	133.12513	822.5708477	399.3753901	497.7315057	-12.73935286	0	286.408853
61500	1282.322141	1304.251904	3846.966424	1047.025624	-12.73935286	0	216.9709795
61600	293.0556362	59.00870555	879.1669085	25.84974419	-12.73935286	0	0.04310468614
61700	346.8850299	1519.941362	1040.65509	1485.146582	-12.73935286	0	0.2496628788
61800	1575.213843	3150.823862	4725.64153	2774.465196	-12.73935286	0	341.5622942
61900	1639.660517	1651.156831	4918.98155	1547.884483	-12.73935286	0	46.45042594
62000	243.2143203	130.7788815	729.6429609	84.70743965	-12.63315723	0	9.758045125
62100	456.9480383	916.5387361	1370.844115	837.7688189	-12.63315723	0	37.02164684
62200	352.207564	1689.582896	1056.622692	1418.773359	-12.73935286	0	231.1882269
62300	244.622355	2132.569693	733.8670649	2103.207177	-12.63315723	0	4.117269889
62400	228.8859567	4383.991495	686.65787	4286.046391	-12.73935286	0	72.87948492
62500	834.043359	1478.880299	2502.130077	1359.527131	-12.73935286	0	66.7810448
62600	308.044869	1964.953712	924.1346071	1478.095685	-12.73935286	0	444.5172207
62700	418.4512472	2362.682375	1255.353742	2313.194656	-12.73935286	0	2.514822192
62800	195.4990626	2224.981741	586.4971878	2142.790027	-12.73935286	0	52.62128004
62900	586.7017027	765.7326963	1760.105108	666.0841909	-12.63315723	0	60.59910914
63000	269.4273508	1321.76284	808.2820525	1154.529063	-12.73935286	0	115.8696345
63100	1229.931547	2357.492676	3689.794641	2146.348373	-12.73935286	0	171.2337329
63200	584.0530906	1785.661362	1752.159272	1633.791513	-12.73935286	0	119.2091227
63300	1812.546	1289.512374	5437.638001	1123.312885	-12.73935286	0	126.0120821
63400	392.3005268	5929.640013	1176.901581	5854.639857	-12.73935286	0	48.5107412
63500	497.4492136	6191.476737	1492.347641	6126.691476	-12.73935286	0	38.58581161
63600	149.0658777	1394.312343	447.197633	1313.604777	-12.73935286	0	50.51035203
63700	411.2899602	415.1870422	1233.869881	360.7852563	-12.63315723	0	26.0699168
63800	662.9180083	937.6068588	1988.754025	888.1256903	-11.99836523	0	16.22965336
63900	242.0663032	3391.327361	726.1989097	3356.740175	-12.4532031	0	3.643938879
64000	483.4191598	3032.713881	1450.257479	2649.764391	-11.99836523	0	330.6050801
64100	949.7331125	1965.324763	2849.199337	1836.944047	-12.63315723	0	67.79276946
64200	584.9154222	1635.543544	1754.746267	1551.859345	-12.73935286	0	50.24969385
64300	507.5984076	1714.486306	1522.795223	1669.844562	-12.73935286	0	2.896115227
64400	362.5748612	894.6427399	1087.724584	682.8992404	-12.73935286	0	180.5887675
64500	405.9486235	920.4009838	1217.84587	759.6135305	-12.73935286	0	123.6739156
64600	385.4505508	577.5324734	1156.351652	425.3849712	-12.73935286	0	105.6749976
64700	803.3347744	2612.473518	2410.004323	2187.430928	-12.73935286	0	364.732978
64800	774.405552	4629.821127	2323.216656	4372.205194	-12.45320314	0	220.0014982
64900	309.6842211	2368.146418	929.0526634	2335.258029	-12.63315723	0	1.6371939
65000	469.3045337	4297.024259	1407.913601	4241.479294	-12.73935286	0	24.06357596
65100	187.3547526	5665.166151	562.0642578	5554.013968	-12.63315723	0	86.26284206
65200	292.2160004	3148.247719	876.6480012	3110.078738	-12.73935286	0	9.949940421
65300	240.361067	500.9927482	721.083201	452.8331236	-12.73935286	0	2.526249163
65400	1209.377487	4466.290457	3628.132461	4369.577923	-12.45320309	0	76.17897597
65500	1173.122198	2272.183091	3519.366593	1572.587987	-12.73935286	0	657.9259498
65600	604.9614603	6471.176259	1814.884381	6324.905717	-12.45320309	0	117.8382077
65700	348.980487	407.5297198	1046.941461	362.0410849	-12.73935286	0	17.52904468
65800	447.9336333	1968.470092	1343.8009	1839.861673	-12.73935286	0	72.95668443
65900	1202.542394	4573.618407	3607.627183	3943.500291	-12.73935286	0	557.866649
66000	787.5032554	224.1343037	2362.509766	42.06581439	-12.73935286	0	151.3551654
66100	440.8811457	4315.690669	1322.643437	4123.764428	-12.73935286	0	163.3233104
66200	460.7126437	2054.110199	1382.137931	1875.386364	-12.73935286	0	137.9982452
66300	478.1543526	222.973363	1434.463058	58.11314538	-12.63315723	0	117.0179525
66400	462.7339386	2284.350858	1388.201816	1699.294114	-12.63315723	0	544.6486185
66500	375.7218801	339.3691409	1127.16564	169.7944532	-12.73935286	0	113.6055696
66600	521.6340167	82.73201694	1564.90205	39.94389186	-12.73935286	0	8.774265519
66700	896.8212074	203.6268802	2690.463622	73.89218782	-12.73935286	0	100.7686764
66800	421.6405192	1154.112616	1264.921558	1125.950492	-12.73935286	0	1.897826269
66900	737.2557504	4206.629391	2211.767251	4061.869238	-12.73935286	0	117.941165
67000	330.162896	3706.34835	990.488688	3610.995609	-12.63315723	0	69.50843063
67100	667.6062114	268.2377389	2002.818634	229.8428723	-12.73935286	0	6.6866229
67200	1719.409991	1901.785328	5158.229974	1687.973717	-12.73935286	0	157.6712651
67300	221.3731101	5294.825965	664.1193304	4987.254544	-12.63315723	0	269.1892992
67400	864.6514685	4607.574581	2593.954406	4255.687118	-12.73935286	0	316.3217673
67500	2016.82116	3820.056011	6050.46348	3709.511745	-12.73935286	0	76.1382307
67600	1767.356937	6782.245713	5302.070812	6260.031158	-12.63315724	0	460.2912674
67700	540.2349926	1379.7009	1620.704978	1324.576782	-11.99836534	0	24.7466015
67800	322.8394139	1137.064558	968.5182417	930.3740744	-12.63315724	0	167.665316
67900	470.1516283	5707.117611	1410.454885	5275.478514	-12.73935286	0	397.3017778
68000	315.1417247	1672.151405	945.4251741	1638.607687	-12.63315723	0	0.5979022927
68100	549.8717413	450.7257899	1649.615224	410.286412	-12.73935286	0	0.06196515069
68200	939.5946334	6398.321925	2818.7839	6299.143719	-12.73935286	0	71.38238846
68300	448.4132162	2253.862567	1345.239649	2044.970725	-12.63315723	0	175.0755903
68400	655.1598438	723.4891852	1965.479531	614.913846	-12.73935286	0	67.7457009
68500	529.7182141	1393.335665	1589.154642	1196.837906	-12.73935286	0	158.3292522
68600	1388.729676	3849.859525	4166.189028	3773.529757	-12.73935286	0	47.62931433
68700	1556.734377	2685.017758	4670.203131	2535.38618	-12.73935286	0	107.0275719
68800	296.8778934	1663.211815	890.6336802	1630.682935	-12.73935286	0	2.393767098
68900	774.0275039	1304.310065	2322.082512	1239.685814	-12.73935286	0	10.74372529
69000	860.1076032	194.6181653	2580.322809	152.3471132	-12.73935286	0	6.764827216
69100	465.1147303	5015.790563	1395.344191	4274.01445	-12.73935286	0	702.3883759
69200	1552.393961	1870.221929	4657.181882	1624.087711	-12.32564356	0	207.5872435
69300	418.9652805	3970.027121	1256.895841	3327.498481	-12.73935286	0	606.0826352
69400	285.5900628	1642.28022	856.7701884	1206.193395	-12.73935286	0	391.9244889
69500	700.8219298	421.2082864	2102.46579	338.4999416	-12.63315723	0	47.23851444
69600	745.3290057	7400.184869	2235.987017	7283.754987	-12.45320309	0	88.96654367
69700	134.5349172	1727.444299	403.6047515	1643.367062	-11.92654831	0	46.46978022
69800	143.8414962	949.1406724	431.5244885	853.6410155	-12.73935286	0	61.4266156
69900	235.1422405	4741.611228	705.4267214	4706.14304	-12.73935286	0	10.66035558
70000	1084.026797	1572.028645	3252.08039	1435.631354	-12.73935286	0	104.0085059
70100	749.0463092	101.1793413	2247.138928	13.52789949	-12.73935286	0	46.25083728
70200	944.9503005	2394.485368	2834.850901	2115.919071	-12.73935286	0	244.1197499
70300	823.3443799	896.2073242	2470.03314	777.2123135	-12.73935286	0	78.7221193
70400	681.7787338	1930.769519	2045.336202	1568.96153	-12.73935286	0	322.8412814
70500	1335.013429	3006.585417	4005.040288	2698.568401	-12.73935286	0	213.8766336
70600	333.581323	8711.943878	1000.743969	8337.303301	-12.73935286	0	334.1667322
70700	481.8557321	2132.109367	1445.567196	1789.5079	-12.73935286	0	301.7086768
70800	175.6380319	4789.66341	526.9140956	4734.362039	-12.63315723	0	29.51378644
70900	891.3799322	1492.070596	2674.139796	1149.049872	-12.73935286	0	277.924148
71000	547.1357699	1213.724956	1641.40731	1159.391438	-12.73935286	0	1.48249797
71100	1243.895638	314.2087196	3731.686915	34.26346842	-12.73935286	0	252.2464645
71200	371.4154785	5093.180408	1114.246436	5068.598418	-12.73935286	0	1.837328449e-05
71300	497.7399183	5638.493361	1493.219755	5225.355023	-12.73935286	0	383.904614
71400	676.7893061	2844.680286	2030.367918	2276.629164	-12.73935286	0	531.9373932
71500	1544.355031	3733.773766	4633.065092	2997.822578	-12.63315723	0	688.2097738
71600	602.4022657	3060.080031	1807.206797	3019.843642	-12.45320309	0	12.80932933
71700	615.2054855	1352.050975	1845.616456	1296.559142	-12.73935286	0	3.087545508
71800	1578.615945	3299.931675	4735.847836	2643.815534	-12.73935286	0	603.3909601
71900	873.5029716	233.8978823	2620.508915	148.6337997	-12.45320309	0	51.69111637
72000	507.5109922	2535.156003	1522.532977	2201.460708	-12.45320309	0	289.0326162
72100	518.8929219	3976.623439	1556.678766	3833.943632	-12.73935286	0	120.3799747
72200	404.5337916	2709.893682	1213.601375	2602.499724	-12.73935286	0	77.95573424
72300	259.6626348	3774.447309	778.9879044	3673.844412	-12.73935286	0	77.64536065
72400	331.3208304	3073.08455	993.9624913	2958.872699	-12.73935286	0	87.24914432
72500	332.49498	5065.595336	997.48494	4831.023752	-12.63315723	0	201.4316178
72600	491.9084108	542.2735863	1475.725232	452.0782625	-12.73935286	0	51.24082863
72700	646.329333	3104.853213	1938.987999	2936.787616	-12.73935286	0	135.9875075
72800	898.9652844	289.8978143	2696.895853	183.1023815	-12.73935286	0	75.81291344
72900	1563.15487	1323.009511	4689.464609	1211.633198	-12.73935286	0	60.3027246
73000	380.6016402	6442.890538	1141.804921	6141.176877	-12.73935286	0	265.4770291
73100	2136.158392	3404.016037	6408.475177	2264.056758	-12.73935286	0	742.2258505
73200	421.7764782	2802.975564	1265.329434	2767.301756	-12.73935286	0	6.550620864
73300	705.3159582	3643.054982	2115.947875	3494.437221	-12.45320311	0	117.9974824
73400	819.2465392	3805.205474	2457.739617	3596.670477	-12.45320311	0	168.0588421
73500	1810.028169	3264.628477	5430.084506	3078.236559	-12.73935286	0	121.2117683
73600	637.0600289	5385.579447	1911.180087	5100.226864	-11.99836518	0	247.074395
73700	291.4843574	952.6453099	874.4530721	795.2750934	-12.45320311	0	118.8419053
73800	1438.878985	2536.108475	4316.636954	2369.20467	-12.73935286	0	102.5484276
73900	767.2462461	644.2612212	2301.738738	587.127026	-12.73935286	0	12.51124036
74000	289.4731259	1035.909362	868.4193777	979.0791488	-12.63315723	0	21.62455798
74100	673.4173548	2450.504048	2020.252064	2317.543795	-12.73935286	0	73.56343222
74200	1043.507507	1147.30778	3130.522521	983.9390733	-12.73935286	0	134.7909947
74300	437.0947623	1257.396607	1311.284287	995.0435982	-12.73935286	0	221.8262945
74400	775.5531021	3838.748401	2326.659306	3671.233462	-12.73935286	0	137.7992059
74500	642.4512077	8862.483276	1927.353623	8834.007854	-12.73935286	0	4.604515754
74600	381.309297	6698.059216	1143.927891	6328.640609	-12.4532031	0	329.2152337
74700	644.4823429	4982.830705	1933.447029	4757.350329	-12.63315723	0	192.957068
74800	431.7256603	3811.171241	1295.176981	3686.000306	-12.73935286	0	97.77255118
74900	260.6655468	584.3039955	781.9966404	546.8097966	-12.73935286	0	0.01937314576
75000	224.2529169	3651.794942	672.7587506	3612.877676	-12.73935286	0	11.32689072
75100	776.6382373	5839.329908	2329.914712	5540.084203	-12.73935286	0	270.7824712
75200	1243.511572	4694.369961	3730.534716	4659.678882	-12.73935286	0	6.018108709
75300	985.0977361	1451.235307	2955.293208	665.9348974	-12.73935286	0	724.8195089
75400	332.4376683	1359.492897	997.3130049	1141.537966	-12.73935286	0	179.4356438
75500	1028.751121	323.7080178	3086.253364	242.2342911	-12.73935286	0	54.3612021
75600	473.1578047	9294.635403	1419.473414	9056.774267	-12.73935286	0	214.785445
75700	865.8427776	6882.613201	2597.528333	6856.181306	-12.73935286	0	0.8646937936
75800	256.747716	2410.045894	770.2431481	2257.489395	-12.73935286	0	121.916923
75900	649.9286074	868.6672713	1949.785822	631.0740778	-11.9983652	0	195.161178
76000	325.5297898	332.0728004	976.5893695	293.2914719	-12.45320309	0	0.2702322323
76100	204.3339208	2777.13705	613.0017624	2654.414923	-12.63315723	0	92.48286764
76200	437.915624	2019.594294	1313.746872	1975.223067	-12.73935286	0	11.19014646
76300	572.4859853	5072.028374	1717.457956	4793.621104	-12.63315723	0	249.7184483
76400	861.1098064	404.5425511	2583.329419	370.5564668	-12.73935286	0	1.53739779
76500	642.0431764	7038.844188	1926.129529	6802.821126	-12.73935286	0	204.2844829
76600	226.5563672	6074.629947	679.6691017	5894.896283	-12.63315723	0	150.4772463
76700	660.8165952	3566.614559	1982.449786	3245.407349	-11.99836518	0	288.8720172
76800	252.7510284	3844.203697	758.2530853	3503.349947	-12.73935286	0	299.9523452
76900	984.9131766	181.0095868	2954.73953	98.58357745	-12.73935286	0	55.05694784
77000	458.6843806	4221.112722	1376.053142	4022.688894	-12.73935286	0	166.9786749
77100	626.2799923	527.6101004	1878.839977	393.0165763	-12.73935286	0	91.1558717
77200	151.7614596	2134.783609	455.2843787	1651.810163	-12.73935286	0	441.8195524
77300	252.135995	3997.216444	756.4079851	3863.549503	-12.45320314	0	99.01094369
77400	500.7627424	2763.125101	1502.288227	2722.038497	-12.73935286	0	7.996455435
77500	2087.492575	2418.994206	6262.477725	2231.628308	-12.73935286	0	88.63291698
77600	1378.19026	3666.188701	4134.57078	3031.810733	-12.63315724	0	586.0541355
77700	899.7990906	2238.029651	2699.397272	2179.179248	-12.73935286	0	22.63930429
77800	431.0773368	2212.913098	1293.232011	2098.569777	-12.73935286	0	84.44856673
77900	214.7948116	5706.955957	644.3844349	5483.855761	-12.73935286	0	191.7919317
78000	1402.481845	935.9188672	4207.445535	810.6838725	-11.99836522	0	79.71522006
78100	1299.097864	3613.304785	3897.293592	3092.534533	-12.73935286	0	458.6674162
78200	413.8943322	3515.555668	1241.682997	2855.499736	-11.99836522	0	614.168911
78300	983.8557396	5116.951468	2951.567219	5090.214787	-11.99836522	0	3.553942393
78400	465.4860085	1584.03993	1396.458025	1503.097226	-12.73935286	0	45.76076057
78500	1315.631338	2057.84901	3946.894014	1863.013436	-12.73935286	0	141.8525956
78600	566.7180584	1365.737183	1700.154175	1068.763262	-12.73935286	0	254.8644032
78700	1002.291229	3102.110177	3006.873686	2964.364961	-12.73935286	0	107.4407027
78800	165.541244	2805.581203	496.623732	2713.307732	-12.73935286	0	63.38773452
78900	640.1566932	1593.398182	1920.47008	1515.509117	-12.73935286	0	26.55270907
79000	212.6678122	4403.160519	638.0034366	4085.303023	-12.73935286	0	275.8217196
79100	121.5671896	1116.385408	364.7015687	1068.853957	-12.45320311	0	24.02954331
79200	1345.140594	4204.347286	4035.421781	3473.229117	-12.73935286	0	612.1613632
79300	437.034351	3524.211498	1311.103053	3444.487923	-12.73935286	0	23.95991648
79400	726.5005302	1042.781483	2179.501591	863.8021394	-12.63315724	0	139.1824566
79500	1078.616908	1616.438636	3235.850723	1532.657836	-12.73935286	0	27.3656373
79600	292.7892784	3291.580216	878.3678353	3257.388647	-12.63315724	0	4.180075709
79700	416.7391196	4554.354666	1250.217359	4386.723059	-11.99836533	0	136.3264781
79800	272.4830176	1203.138511	817.4490527	1031.183239	-12.73935286	0	139.6603644
79900	506.0845189	3880.372985	1518.253557	3801.857605	-12.73935286	0	51.4772586
80000	1152.274732	909.8072965	3456.824197	664.7805327	-12.73935286	0	206.7772806
80100	489.6157112	1496.150883	1468.847134	1381.995139	-12.73935286	0	82.61124748
80200	1651.409534	993.2189397	4954.228603	895.3152884	-12.73935286	0	51.43179154
80300	326.8692135	2436.849067	980.6076406	2331.457696	-12.73935286	0	74.34376767
80400	737.8310524	1952.8902	2213.493157	1576.721617	-12.73935286	0	332.2919736
80500	438.546767	923.2192482	1315.640301	769.5101009	-12.73935286	0	115.7466978
80600	544.2622838	4287.088507	1632.786851	4233.350648	-12.73935286	0	21.18136511
80700	249.8478284	3795.034576	749.5434852	3564.725534	-12.73935286	0	199.8803834
80800	853.6368277	2560.403715	2560.910483	2479.706477	-12.4532031	0	13.25515761
80900	357.9353529	588.0168984	1073.806059	286.0475863	-11.99836534	0	246.974231
81000	1325.587932	4403.800023	3976.763796	4376.180455	-12.73935286	0	3.348572389
81100	1090.70351	8412.568786	3272.11053	7983.331857	-12.73935286	0	382.9518048
81200	867.6799039	1956.73535	2603.039712	1830.619077	-12.63315723	0	89.01119166
81300	480.8308166	127.3340416	1442.49245	67.49929987	-12.73935286	0	23.30252667
81400	310.2434161	2702.301877	930.7302484	2651.858403	-12.73935286	0	22.21888387
81500	253.670773	3855.159186	761.0123189	3644.328968	-11.99836533	0	176.4225694
81600	465.1213401	2117.95492	1395.36402	1839.866572	-12.73935286	0	242.1406202
81700	249.6359063	6649.909843	748.907719	5913.317066	-11.99836519	0	631.6149878
81800	225.817143	4366.309164	677.451429	4094.655996	-12.73935286	0	242.9276754
81900	270.4838352	2190.641426	811.4515057	2078.440477	-12.73935286	0	81.79422177
82000	440.4470754	274.3502817	1321.341226	228.641477	-12.73935286	0	2.932282308
82100	397.3299286	1444.555029	1191.989786	1418.174327	-12.4532031	0	1.512499881
82200	1014.150845	1507.186684	3042.452535	1479.49231	-12.53997642	0	0.8026147911
82300	1034.472899	2810.346659	3103.418696	2770.170843	-12.63315723	0	12.98939909
82400	233.0390647	7296.72568	699.1171941	7198.73041	-12.73935286	0	72.99693296
82500	232.0520158	5635.555067	696.1560473	5511.680312	-12.45320314	0	97.84700576
82600	473.0969674	7460.300436	1419.290902	7239.754649	-12.73935286	0	190.2007964
82700	198.2494773	2303.537538	594.7484318	2051.339278	-12.73935286	0	217.9541822
82800	528.5141105	2828.169111	1585.542331	2795.700297	-12.63315724	0	1.238324517
82900	298.0691201	1057.896356	894.2073604	906.6014878	-12.73935286	0	105.8439436
83000	232.7937491	851.0051687	698.3812473	820.4965535	-12.63315724	0	0.264610248
83100	306.1436183	945.880246	918.430855	887.4233908	-12.73935286	0	19.80450731
83200	1885.180258	2562.311809	5655.540774	1880.576085	-12.63315724	0	622.5944158
83300	269.3823982	4663.288674	808.1471945	4628.853751	-12.4532031	0	11.15164308
83400	311.7352164	2604.768852	935.2056493	2392.085103	-12.63315724	0	180.4576037
83500	846.3484426	2233.309488	2539.045328	1871.226207	-12.73935286	0	308.0882293
83600	665.4508214	1950.603929	1996.352464	1911.218449	-12.73935286	0	13.44189857
83700	424.7601762	1561.828747	1274.280528	1503.731569	-12.73935286	0	4.146144158
83800	865.7276385	2392.481862	2597.182916	2129.936729	-12.45320309	0	227.8399905
83900	1588.926817	1251.460415	4766.780451	1184.175615	-12.73935286	0	24.21654616
84000	739.2712835	986.1548561	2217.813851	896.4851941	-12.45320314	0	57.40513813
84100	992.7038225	184.7102096	2978.111468	108.6429965	-12.63315723	0	48.36181038
84200	728.0995162	3411.305356	2184.298548	3367.604266	-12.73935286	0	14.70297092
84300	825.9336055	4516.924643	2477.800817	4329.633376	-12.73935286	0	159.964203
84400	164.7397297	890.3578824	494.2191891	812.5788462	-12.45320314	0	31.04933631
84500	480.2103083	3508.500268	1440.630925	3273.39408	-12.73935286	0	197.5016069
84600	217.4604992	217.1497805	652.3814977	106.1180973	-12.73935286	0	82.69247748
84700	598.8727814	118.1878777	1796.618344	75.66497366	-12.63315723	0	8.682801658
84800	505.0647957	5563.630372	1515.194387	5356.667527	-12.73935286	0	180.977344
84900	373.0767178	915.8579972	1119.230153	603.944791	-12.73935286	0	260.7719991
85000	1676.731621	2813.756952	5030.194862	2629.555103	-12.73935286	0	105.1643222
85100	452.7683193	1001.601064	1358.304958	933.7893174	-12.73935286	0	34.44399916
85200	349.6041084	590.5691544	1048.812325	451.212533	-12.73935286	0	101.8919963
85300	289.9230052	4641.675394	869.7690157	4613.3059	-12.45320314	0	5.378463916
85400	754.2052829	3430.539835	2262.615849	2852.547807	-12.73935286	0	518.0871061
85500	1694.636835	2439.360236	5083.910506	2183.113254	-12.73935286	0	218.6759408
85600	2136.158542	2730.385657	6408.475625	2419.335265	-12.73935286	0	241.5545201
85700	662.2772004	3752.119495	1986.831601	3527.799668	-12.73935286	0	187.8252512
85800	487.5041878	2299.422882	1462.512563	2150.842973	-12.63315724	0	114.7215926
85900	1711.676825	2370.193958	5135.030475	2181.393775	-12.73935286	0	128.4152055
86000	2136.15834	3558.859711	6408.475019	3495.299427	-12.73935286	0	3.552767497
86100	251.6957853	1337.438737	755.0873559	1113.340205	-12.73935286	0	192.2506227
86200	483.4612455	3090.179333	1450.383737	3033.658467	-12.73935286	0	31.14584714
86300	1212.407032	576.4727059	3637.221097	413.7195971	-12.73935286	0	124.617104
86400	306.779201	2992.223708	920.337603	2913.800332	-12.32564352	0	51.95464003
86500	303.7808429	322.4230437	911.3425287	276.9133001	-12.73935286	0	10.42961175
86600	1008.490416	4979.157592	3025.471249	4928.015866	-12.4532031	0	23.92103802
86700	466.2122752	454.6214581	1398.636826	391.3727646	-12.73935286	0	16.44603208
86800	467.8815081	791.4272597	1403.644524	688.7450149	-12.32564357	0	67.08838869
86900	784.6953286	5729.863275	2354.085986	5701.738985	-12.45320311	0	5.098020894
87000	250.9874605	1491.575631	752.9623815	1395.41472	-12.73935286	0	41.74540604
87100	558.6701959	169.9289494	1676.010588	8.26688726	-12.63315723	0	131.9829838
87200	636.3232721	963.4512759	1908.969816	889.5272353	-12.73935286	0	19.13097721
87300	336.7375201	95.68421103	1010.21256	44.3733934	-12.73935286	0	15.22599041
87400	187.619054	462.855481	562.8571621	381.9199654	-12.73935286	0	45.02529577
87500	610.9361399	143.931005	1832.80842	113.271663	-12.73935286	0	0.03402886211
87600	1137.085323	2345.694679	3411.255968	2052.489506	-12.73935286	0	251.8336952
87700	1635.906558	593.7885808	4907.719675	500.9381509	-12.73935286	0	40.65251398
87800	587.9557306	2003.721178	1763.867192	1934.589854	-12.73935286	0	40.35307822
87900	787.2383495	3978.949432	2361.715048	3945.428177	-12.73935286	0	9.05814403
88000	1398.09643	1502.976102	4194.28929	1402.307741	-12.73935286	0	56.38735951
88100	849.6500312	2641.38593	2548.950094	2452.734379	-12.63315724	0	156.6878957
88200	555.5817434	3421.432534	1666.74523	3082.484185	-12.73935286	0	311.9262214
88300	1191.476864	3415.047377	3574.430591	2887.5167	-12.73935286	0	463.6054504
88400	637.3214079	5439.181465	1911.964224	5070.994033	-12.73935286	0	325.089682
88500	1339.45074	614.5662691	4018.35222	570.9007996	-12.63315723	0	2.244783555
88600	1370.907044	3022.603021	4112.721132	2993.537898	-12.20212245	0	0.798240607
88700	824.7680631	4508.688788	2474.304189	4249.591388	-12.21426541	0	221.2835604
88800	646.2417009	2321.517595	1938.725103	1855.434453	-12.73935286	0	416.5843714
88900	200.9737998	3355.992042	602.9213993	2923.608054	-12.73935286	0	398.3222383
89000	678.4201888	3265.279701	2035.260566	3226.953678	-12.73935286	0	9.170081766
89100	783.4836523	3148.047219	2350.450957	2701.732022	-12.73935286	0	385.8151633
89200	225.728056	1488.635407	677.1841681	1163.31048	-12.73935286	0	279.78663
89300	2136.158498	3174.419093	6408.475494	2741.776278	-12.45320311	0	340.3157432
89400	904.6987013	1573.674211	2714.096104	1388.438149	-12.73935286	0	135.5373724
89500	647.2961802	1655.715226	1941.888541	1512.878477	-12.73935286	0	98.87070241
89600	716.6982869	3190.244379	2150.094861	3040.911028	-12.73935286	0	110.9082979
89700	715.5418396	553.7282837	2146.625519	184.9732892	-12.63315723	0	301.8590327
89800	189.6313559	727.7692956	568.8940678	654.1759658	-12.73935286	0	18.92880334
89900	1676.23643	3914.199414	5028.70929	3063.419398	-11.99836521	0	782.2927025
90000	355.789617	3567.042176	1067.368851	3526.063442	-12.73935286	0	12.95570027
90100	531.2870181	1366.752846	1593.861054	1310.702214	-12.73935286	0	20.01431909
90200	302.5270741	451.8763818	907.5812223	424.1077493	-12.63315723	0	0.02039625692
90300	238.4086834	1166.808074	715.2260502	919.8274933	-12.73935286	0	180.2507147
90400	376.1044556	7135.214026	1128.313367	6866.875866	-12.73935286	0	234.9937461
90500	241.5928529	3874.440734	724.7785588	3846.444923	-12.73935286	0	5.962453901
90600	293.7233788	475.1704748	881.1701365	377.8440209	-12.63315723	0	66.12569562
90700	629.3906308	1245.21323	1888.171892	501.1575831	-12.73935286	0	684.6477236
90800	330.5459351	8151.404197	991.6378053	7483.167533	-12.73935286	0	586.1545626
90900	1013.502821	4991.019195	3040.508462	4959.375517	-12.73935286	0	5.993385859
91000	1401.119075	2536.598849	4203.357224	2449.014112	-12.73935286	0	23.5084217
91100	691.0210927	1794.161664	2073.063278	1763.178597	-12.63315723	0	0.2318335822
91200	454.2040008	3810.116144	1362.612002	3389.947438	-12.73935286	0	379.1026718
91300	274.8447429	7073.244058	824.5342286	7048.04947	-12.45320314	0	2.582377405
91400	548.3455026	2764.240656	1645.036508	2701.64394	-12.73935286	0	15.78420206
91500	356.7451124	2691.302824	1070.235337	2665.100095	-12.73935286	0	0.2509264494
91600	392.0155196	405.3711873	1176.046559	373.2420036	-12.73935286	0	1.647436073
91700	1315.112796	2974.525215	3945.338388	2925.102971	-12.73935286	0	19.54621873
91800	445.9183802	2294.742235	1337.755141	2085.902476	-12.73935286	0	171.615341
91900	364.7223454	2788.253763	1094.167036	2717.810676	-12.73935286	0	44.69439841
92000	885.1875531	2326.932373	2655.562659	2183.378478	-12.73935286	0	111.3227088
92100	297.8296129	5530.259802	893.4888388	5474.465386	-12.73935286	0	29.38636627
92200	617.2426258	1989.867187	1851.727878	1698.890899	-12.73935286	0	247.7342657
92300	433.3288204	5076.120207	1299.986461	4930.855835	-11.99836533	0	117.9602943
92400	168.2077224	3046.671899	504.6231671	2838.551223	-12.63315723	0	177.2938916
92500	996.5251818	246.9892136	2989.575545	52.12038483	-12.73935286	0	165.7411432
92600	294.1152468	1110.415671	882.3457404	1050.474655	-12.73935286	0	9.60340592
92700	711.9838062	3055.981474	2135.951419	2837.160141	-11.9983652	0	179.6642129
92800	1498.261837	2199.604713	4494.785511	2174.333516	-12.73935286	0	2.128591023
92900	828.6134005	2030.129031	2485.840201	1990.127137	-12.73935286	0	13.68357239
93000	532.1184524	478.2979005	1596.355357	179.1187343	-12.73935286	0	247.4218162
93100	527.9394432	1472.644935	1583.818329	1416.932097	-12.63315724	0	25.27941516
93200	319.8307312	2345.033708	959.4921937	2222.619994	-12.45320314	0	66.10703103
93300	437.6889517	516.8300331	1313.066855	408.8914793	-12.73935286	0	68.87977524
93400	1716.336043	2726.345311	5149.008129	2655.317539	-12.73935286	0	7.593548574
93500	1346.923716	508.6026246	4040.771148	315.7086372	-12.73935286	0	166.4932988
93600	394.7964361	1343.911801	1184.389308	1305.553917	-12.73935286	0	15.94950029
93700	764.7715085	2813.322625	2294.314526	2467.173675	-12.73935286	0	219.9600526
93800	972.571287	315.1209302	2917.713861	272.5248058	-12.73935286	0	10.23817984
93900	433.2033743	2502.09338	1299.610123	2230.535093	-12.73935286	0	250.2251493
94000	354.6315156	2002.626244	1063.894547	1629.656017	-12.73935286	0	324.6690947
94100	258.7317485	4103.502121	776.1952454	4027.01652	-12.73935286	0	50.89819729
94200	390.0643298	5501.003095	1170.192989	5328.155439	-12.73935286	0	146.6343358
94300	749.8199741	2752.420265	2249.459922	2725.079694	-12.73935286	0	4.445649286
94400	184.9348988	2319.21308	554.8046965	2276.70123	-12.63315723	0	17.53962628
94500	312.766076	2313.105707	938.298228	2194.375878	-12.73935286	0	88.08897222
94600	1517.945287	5339.187304	4553.83586	4791.82687	-12.73935286	0	483.9631849
94700	890.8180165	1306.140964	2672.45405	1242.762847	-12.73935286	0	9.863902825
94800	353.504249	2751.623859	1060.512747	2450.621713	-12.73935286	0	267.1444745
94900	266.4264345	5583.845544	799.2793036	5222.340009	-11.99836533	0	320.6021742
95000	207.5073728	876.198745	622.5221183	810.1542602	-12.63315723	0	32.14118895
95100	1697.537002	1857.442991	5092.611007	1760.33633	-12.73935286	0	34.83198137
95200	139.6256483	1912.641291	418.876945	1733.231158	-12.73935286	0	142.9951847
95300	283.4485751	1946.303851	850.3457254	1715.805149	-12.73935286	0	195.211146
95400	256.1818733	825.8160602	768.54562	791.6827203	-12.73935286	0	9.239927917
95500	1008.103401	553.9391083	3024.310202	414.0375203	-12.73935286	0	101.2953716
95600	1621.543484	3921.076885	4864.630452	3553.008251	-12.73935286	0	281.8233027
95700	1491.384404	1000.863016	4474.153213	955.6234158	-12.73935286	0	2.18353444
95800	363.5476197	9634.99274	1090.642859	9065.605236	-12.73935286	0	541.6643916
95900	2136.158633	3380.249379	6408.4759	3109.077134	-12.73935286	0	164.9248942
96000	441.4371423	1419.177343	1324.311427	1384.112612	-12.73935286	0	1.375395867
96100	230.190224	4224.808818	690.5706719	3978.394847	-12.73935286	0	217.6563391
96200	981.4274976	408.3964148	2944.282493	132.7030453	-12.73935286	0	217.6756262
96300	1275.870553	3369.141877	3827.61166	2937.144019	-12.73935286	0	385.4784645
96400	828.3625451	7414.908938	2485.087635	6947.239751	-12.73935286	0	432.4782742
96500	463.972064	2244.082049	1391.916192	2146.389004	-12.63315723	0	62.66864434
96600	513.6983897	1080.238132	1541.095169	648.5198182	-12.73935286	0	382.4384756
96700	805.1240025	1791.89809	2415.372008	1261.259792	-12.73935286	0	487.2626875
96800	727.3517644	1059.04454	2182.055293	723.5030575	-12.63315723	0	277.2153743
96900	1831.124899	1227.062386	5493.374696	1086.384348	-12.73935286	0	97.44141125
97000	491.103205	1107.120308	1473.309615	923.6344035	-12.73935286	0	145.9850752
97100	191.1054771	2162.000787	573.3164314	2105.867903	-12.73935286	0	21.89291868
97200	209.3198355	758.4430889	627.9595064	651.7167715	-12.73935286	0	63.74738804
97300	365.6038834	561.8134363	1096.81165	529.8700204	-12.73935286	0	0.1793149064
97400	1096.718324	2763.37517	3290.154972	2557.204879	-12.73935286	0	170.7793614
97500	514.9174681	1683.959177	1544.752404	1655.487962	-12.73935286	0	2.831260831
97600	852.5011051	975.6500872	2557.503315	850.9535653	-12.73935286	0	83.90342373
97700	351.3063641	3023.177683	1053.919092	2949.740051	-12.45320309	0	45.57085231
97800	834.2448384	1809.10012	2502.734515	1780.622378	-12.73935286	0	1.33617861
97900	749.5344585	851.4680449	2248.603375	737.2303162	-12.73935286	0	64.42337454
98000	874.6135767	4190.196215	2623.84073	4058.072593	-12.73935286	0	39.45723365
98100	268.0357458	9479.11147	804.1072375	8944.918772	-12.73935286	0	509.4635403
98200	1483.217935	3879.698119	4449.653806	3351.794383	-12.73935286	0	477.9756213
98300	1124.693072	1596.716928	3374.079217	1556.181051	-11.99836535	0	11.93770215
98400	692.080697	1222.232427	2076.242091	1171.823049	-12.45320309	0	0.1474366514
98500	425.6067474	306.8385903	1276.820242	157.3361154	-12.73935286	0	102.5836201
98600	284.7114176	7698.685581	854.1342529	7663.072283	-12.32564354	0	12.30825798
98700	1312.491137	2182.675895	3937.473412	2042.110746	-12.73935286	0	87.5843879
98800	812.8831383	3309.069742	2438.649415	2831.829687	-12.73935286	0	434.3179776
98900	1145.551329	4625.631453	3436.653988	4540.764532	-12.45320309	0	63.96589302
99000	1286.33657	2550.966239	3859.00971	2391.709362	-12.73935286	0	123.837555
99100	251.0347902	9912.370323	753.1043707	9541.691175	-12.73935286	0	347.9193287
99200	206.6297276	1391.331092	619.8891829	1260.756493	-12.73935286	0	97.85666114
99300	1395.514862	1248.45556	4186.544587	1207.791501	-12.73935286	0	14.91313261
99400	491.9868027	5192.091079	1475.960408	5098.357737	-12.73935286	0	65.00882771
99500	320.7343256	862.5945533	962.2029769	819.8077084	-12.73935286	0	14.86780122
99600	442.1073853	8246.447283	1326.322156	8038.673507	-12.63315723	0	184.6840248
99700	364.5638355	2276.028955	1093.691507	1786.309356	-12.73935286	0	437.490858
99800	356.6207032	2886.051458	1069.86211	2826.55271	-12.73935286	0	36.43109074
99900	280.460304	1239.577244	841.3809119	1016.488007	-12.73935286	0	177.1927424
100000	161.8268295	678.0597904	485.4804884	650.5702459	-12.45320309	0	0.06695952035
100100	528.5213201	387.6632261	1585.56396	277.0462797	-11.76864849	0	72.46140302
100200	472.3860915	2240.915253	1417.158275	1982.939815	-12.73935286	0	221.1533901
100300	358.849543	2852.689116	1076.548629	2790.865345	-12.73935286	0	35.19106222
100400	562.2721988	1198.139481	1686.816597	1117.713309	-12.73935286	0	36.22368679
100500	346.8097784	1879.588376	1040.429335	1790.295632	-12.73935286	0	54.85328392
100600	232.5962376	1301.282949	697.7887127	877.2352719	-12.73935286	0	374.8530319
100700	327.8799364	3599.599721	983.6398093	3563.995285	-12.73935286	0	11.43822806
100800	177.7438728	10466.11864	533.2316183	9787.055397	-12.63315723	0	654.5471132
100900	425.1586211	2267.821681	1275.475863	2018.275765	-12.4532031	0	207.3742198
101000	653.7759022	6766.417664	1961.327706	6672.370515	-12.73935286	0	72.10607409
101100	569.6205901	1809.719376	1708.86177	1769.725062	-12.73935286	0	12.74238437
101200	667.0100785	492.0387468	2001.030235	461.188426	-12.53997641	0	1.415301233
101300	143.6020477	7243.468761	430.8061431	6828.040461	-12.73935286	0	370.7904154
101400	171.9027176	2987.167331	515.7081528	2805.869168	-12.73935286	0	147.9010172
101500	1019.146067	4244.019548	3057.438202	3395.470773	-12.73935286	0	729.1100637
101600	661.5777673	1663.758477	1984.733302	1424.693811	-12.73935286	0	202.1045289
101700	701.8352903	1063.392062	2105.505871	847.2262985	-12.73935286	0	178.5062203
101800	2136.15854	2444.862036	6408.475619	2253.237016	-12.73935286	0	121.0659324
101900	305.220068	2306.595006	915.6602041	2141.146245	-12.73935286	0	134.0271096
102000	857.6441521	688.7011922	2572.932456	558.5524005	-12.73935286	0	90.08134723
102100	265.8911278	6951.466402	797.6733835	6653.550896	-12.73935286	0	261.7976869
102200	170.5945116	4215.419176	511.7835348	4184.410065	-12.73935286	0	3.0815762
102300	199.5471257	8471.625677	598.641377	8401.064542	-12.73935286	0	47.37791722
102400	368.6797991	4285.314254	1106.039397	4215.446762	-12.73935286	0	37.45634667
102500	323.1161852	5826.514794	969.3485555	5660.365453	-12.4532031	0	136.0476312
102600	309.8251998	1748.462431	929.4755994	1671.701594	-12.73935286	0	15.72107411
102700	509.2130165	919.9158384	1527.639049	809.7344622	-12.73935286	0	75.12125922
102800	879.6376585	6076.901743	2638.912976	5758.851436	-12.73935286	0	279.1682967
102900	223.3867403	1518.603748	670.160221	1439.933981	-12.45320311	0	46.82369754
103000	450.1300235	701.3009347	1350.39007	571.0223464	-12.63315723	0	98.31427554
103100	472.4757325	735.6216829	1417.427198	587.4022799	-12.73935286	0	109.3028556
103200	151.0121658	872.9492782	453.0364974	501.7383484	-12.73935286	0	321.6404857
103300	777.3944609	134.2273787	2332.183383	41.81298679	-12.63315723	0	47.27738792
103400	371.6882015	929.4014542	1115.064604	755.7978976	-12.73935286	0	135.9668432
103500	620.0761128	4670.175686	1860.228338	4458.719532	-12.73935286	0	176.5655919
103600	707.2358209	238.8462356	2121.707463	197.319332	-12.73935286	0	1.593957734
103700	1522.244865	384.5132763	4566.734596	276.7515798	-12.73935286	0	70.58052106
103800	220.1292367	936.1880218	660.38771	767.7593964	-12.73935286	0	126.2106447
103900	1295.168551	3253.736167	3885.505654	3157.440183	-12.32564354	0	65.29973746
104000	2136.158417	2543.680804	6408.475251	2245.928993	-12.73935286	0	238.9451284
104100	557.9150885	228.1183661	1673.745266	78.01369367	-12.73935286	0	117.6216756
104200	859.7569875	222.6181275	2579.270962	171.3458471	-12.63315723	0	19.36756173
104300	460.3782161	2536.429857	1381.134648	2489.270424	-12.73935286	0	18.47137835
104400	675.7521695	1569.219278	2027.256509	1432.99327	-12.73935286	0	103.6160446
104500	510.144009	2440.351445	1530.432027	2096.279331	-12.53997642	0	304.5583488
104600	512.1663625	5086.539533	1536.499088	5005.585721	-12.73935286	0	54.24289406
104700	438.2109448	3621.246066	1314.632834	3283.503944	-12.73935286	0	296.3380103
104800	792.7386987	6019.918312	2378.216096	5850.175441	-12.45320311	0	141.1236944
104900	474.6163412	1783.548774	1423.849024	1349.708495	-12.73935286	0	371.1085233
105000	1132.360201	2878.432291	3397.080602	2840.520285	-12.20212245	0	11.42855666
105100	848.2368798	2013.96208	2544.710639	1983.124964	-12.45320311	0	5.857015675
105200	586.9795363	275.0271233	1760.938609	90.24394386	-12.73935286	0	152.4800003
105300	403.5370799	1174.847302	1210.61124	923.4697112	-12.73935286	0	211.2516411
105400	359.2726016	6429.50239	1077.817805	6253.37242	-12.73935286	0	148.4339833
105500	854.6539151	935.9452716	2563.961745	405.0207782	-11.99836523	0	470.9717099
105600	877.3422577	4132.961594	2632.026773	3703.349867	-12.73935286	0	399.3652722
105700	293.5900918	2797.58857	880.7702755	2723.700942	-12.45320309	0	25.23607884
105800	164.8128302	1937.977057	494.4384907	1907.661722	-12.63315723	0	5.258717485
105900	862.643678	4364.446427	2587.931034	4138.017729	-12.73935286	0	198.318019
106000	548.990174	190.1545072	1646.970522	149.9051283	-11.99836534	0	1.645927464
106100	987.4161612	1046.020406	2962.248484	676.3451787	-12.73935286	0	331.4624483
106200	1042.131075	2689.19504	3126.393224	2538.233707	-12.63315723	0	120.7055803
106300	255.1109718	3217.023054	765.3329153	3176.07557	-12.45320309	0	5.725909429
106400	1083.992634	4572.913907	3251.977903	4040.732641	-12.63315723	0	483.6387767
106500	333.3889875	575.3910373	1000.166962	265.8111401	-12.73935286	0	258.5187065
106600	1311.154957	1954.135754	3933.46487	1800.638444	-12.73935286	0	104.1070381
106700	1053.47239	1967.194114	3160.417171	1909.481857	-12.73935286	0	29.35227304
106800	603.9472295	492.9824761	1811.841689	339.6038685	-12.73935286	0	94.31660438
106900	500.9098739	7041.325709	1502.729622	6798.567405	-12.73935286	0	211.6437596
107000	1665.153819	990.4049883	4995.461457	664.8983462	-12.45320309	0	288.5789681
107100	428.8773396	974.5860696	1286.632019	533.7212257	-11.92654831	0	388.1094205
107200	481.2454817	1649.875653	1443.736445	1521.027522	-12.63315723	0	96.35033003
107300	385.4156536	4173.832157	1156.246961	4046.672684	-12.63315723	0	99.03451936
107400	586.6588837	1621.704173	1759.976651	1189.765874	-11.99836534	0	383.532632
107500	579.9026075	4971.199967	1739.707823	4591.1254	-12.73935286	0	338.5491547
107600	567.7710763	306.3376273	1703.313229	274.7005064	-12.45320309	0	0.02418824734
107700	394.7272076	901.544147	1184.181623	739.9559821	-12.73935286	0	123.0841837
107800	960.0063596	758.7145521	2880.019079	726.5192871	-12.73935286	0	0.1055110814
107900	303.64354	2071.677143	910.93062	2006.520525	-12.73935286	0	3.228989087
108000	963.9044845	2821.734253	2891.713453	2621.069655	-12.73935286	0	159.0844893
108100	456.4976252	3360.335837	1369.492876	3327.272174	-12.73935286	0	3.530424753
108200	369.9914592	683.3536479	1109.974377	466.2637848	-12.73935286	0	153.4908996
108300	675.9817701	520.4481126	2027.94531	303.8291254	-12.45320314	0	189.0862637
108400	337.8523576	4382.350617	1013.557073	4149.483515	-11.99836535	0	199.6321917
108500	1457.008395	3011.993787	4371.025184	2969.371778	-12.73935286	0	16.51972465
108600	368.4222354	1279.055659	1105.266706	1029.79553	-11.99836534	0	209.0234517
108700	597.5028079	2614.163765	1792.508424	2469.831466	-12.63315723	0	114.0871876
108800	340.5919559	925.6434609	1021.775868	542.8229933	-12.73935286	0	287.0320591
108900	1390.810417	1421.758709	4172.43125	1268.681348	-11.99836534	0	110.691887
109000	2136.158491	2897.031243	6408.475472	2566.488198	-12.73935286	0	247.3236033
109100	577.544724	2228.059743	1732.634172	1531.145452	-12.73935286	0	653.6579823
109200	1101.810544	1343.869049	3305.431631	1122.153515	-12.73935286	0	177.9712248
109300	1107.731561	1716.291335	3323.194684	1016.830009	-12.73935286	0	646.2584912
109400	329.3951216	2054.959156	988.1853649	1710.285882	-12.73935286	0	307.0829327
109500	905.2038849	790.6449709	2715.611655	418.5624707	-12.73935286	0	316.5469503
109600	255.7196672	2853.567176	767.1590017	2820.96517	-12.73935286	0	5.644152646
109700	496.7535813	1804.415085	1490.260744	1379.548074	-12.73935286	0	377.1452855
109800	1685.036981	2246.142849	5055.110944	2057.692274	-12.73935286	0	128.5133831
109900	2136.158534	3385.642309	6408.475603	2822.929044	-12.73935286	0	461.9268836
110000	764.7986429	4847.737062	2294.395929	4722.995777	-12.73935286	0	99.2255649
110100	676.303649	552.4309038	2028.910947	482.5692362	-12.73935286	0	28.62890892
110200	489.5946967	2879.950617	1468.78409	2378.938725	-12.73935286	0	465.4438203
110300	382.3355909	5068.877283	1147.006773	4932.673062	-12.73935286	0	110.8208768
110400	514.0647028	2119.570437	1542.194108	1962.771245	-12.73935286	0	122.5576166
110500	842.9195039	1787.980555	2528.758512	1596.353321	-12.4532031	0	155.1138474
110600	503.3718318	1685.829222	1510.115495	1623.233261	-12.73935286	0	2.478575157
110700	1647.203476	1007.809884	4941.610429	949.562727	-12.73935286	0	4.830501055
110800	131.0549551	6033.342502	393.1648653	5746.985669	-12.63315723	0	250.6946754
110900	345.2820464	1802.75338	1035.846139	1767.925493	-12.63315723	0	6.531297603
111000	636.4473745	2484.236567	1909.342124	2264.369377	-12.73935286	0	192.5463697
111100	458.1112657	113.7921549	1374.333797	74.53484135	-12.73935286	0	2.237675941
111200	822.9773826	838.6124139	2468.932148	673.8152531	-12.73935286	0	123.7369128
111300	372.3161257	3075.247733	1116.948377	3040.819001	-12.73935286	0	7.97080416
111400	1334.449198	3883.476733	4003.347593	3060.062146	-12.73935286	0	774.1709806
111500	365.2696385	1147.811062	1095.808916	842.9897537	-12.73935286	0	262.1213542
111600	189.179414	6114.472859	567.5382421	6087.438358	-12.45320311	0	3.052569527
111700	881.2368917	940.6113256	2643.710675	885.95513	-12.73935286	0	6.53503089
111800	335.179303	3974.183124	1005.537909	3718.881636	-12.73935286	0	220.566335
111900	238.5881855	968.2308522	715.7645566	890.0530498	-12.73935286	0	30.58511196
112000	152.5441831	651.6517528	457.6325493	604.8654051	-12.73935286	0	5.230452784
112100	692.2438081	390.7827136	2076.731424	335.9491945	-12.63315723	0	14.03092714
112200	370.9386915	1844.928354	1112.816074	1780.123955	-12.45320314	0	20.59365778
112300	1857.705505	1517.864316	5573.116515	1444.236802	-12.73935286	0	16.42890375
112400	520.4932026	467.1934359	1561.479608	378.1861803	-12.73935286	0	62.07177394
112500	370.5155744	1694.503891	1111.546723	1443.48531	-12.63315723	0	213.193754
112600	403.6594071	881.117434	1210.978221	344.5336091	-12.73935286	0	418.88494
112700	310.5147732	3051.293477	931.5443196	2856.356789	-12.73935286	0	160.6534171
112800	490.6171001	7583.973636	1471.8513	7463.779805	-12.73935286	0	99.6864999
112900	924.441955	4225.679487	2773.325865	3960.761167	-11.99836534	0	225.8012518
113000	794.6728465	687.9197182	2384.01854	623.525236	-12.73935286	0	12.52602363
113100	738.2580137	5259.53797	2214.774041	5009.614726	-12.20212244	0	213.5790025
113200	419.4051863	1382.450933	1258.215559	1018.06547	-11.99836535	0	301.4472857
113300	590.166219	1026.279126	1770.498657	973.1570402	-12.73935286	0	1.956964372
113400	295.3381147	478.3247757	886.014344	414.6996341	-12.63315723	0	36.649243
113500	474.5911301	573.9772224	1423.77339	201.3896464	-12.73935286	0	316.6905918
113600	1032.12477	1700.085083	3096.374311	1604.671281	-12.73935286	0	39.65854244
113700	593.9068476	3329.452952	1781.720543	3251.120326	-11.99836535	0	50.79018437
113800	241.7444326	1021.86617	725.2332977	923.0480999	-12.73935286	0	75.66622068
113900	591.7485366	7048.442544	1775.24561	7007.523542	-12.45320309	0	14.27958935
114000	819.6221122	1825.082308	2458.866337	1691.733384	-12.73935286	0	76.9397838
114100	1843.660501	2524.043992	5530.981504	2411.6124	-12.73935286	0	49.8568019
114200	918.2377219	1517.499685	2754.713166	1473.872649	-12.45320309	0	14.09861265
114300	443.2400197	1328.919591	1329.720059	1170.864257	-12.73935286	0	119.0305642
114400	293.2371633	805.2105994	879.7114899	761.793695	-12.73935286	0	12.21790499
114500	526.9960795	3290.065406	1580.988238	3191.450086	-12.45320311	0	67.10837568
114600	291.5938752	1515.785461	874.7816255	1483.841889	-12.73935286	0	3.470411931
114700	2071.184664	2293.584951	6213.553993	2215.942497	-12.63315723	0	14.01302808
114800	853.6684983	1284.546644	2561.005495	1243.129626	-12.73935286	0	4.110590598
114900	1209.742805	513.0802252	3629.228414	255.5789988	-12.63315723	0	222.9426678
115000	596.3384584	1590.313034	1789.015375	1421.978146	-12.63315723	0	136.2889238
115100	1605.396699	669.8828925	4816.190096	583.5260041	-12.73935286	0	45.41992033
115200	231.459654	959.5286501	694.3789621	926.8155001	-12.63315723	0	3.720166635
115300	272.8761871	3257.793659	818.6285613	3045.442171	-12.73935286	0	182.0256813
115400	1337.975181	1583.857922	4013.925542	1550.168599	-12.73935286	0	6.975342474
115500	354.9624566	1656.53217	1064.88737	1602.164686	-12.73935286	0	27.76201856
115600	1144.764009	1095.23953	3434.292026	980.776269	-12.73935286	0	66.99393527
115700	1092.806896	1936.699365	3278.420689	1889.903676	-12.73935286	0	18.87282958
115800	595.0077843	3297.32329	1785.023353	2965.796368	-12.73935286	0	295.024658
115900	1230.628618	818.4301468	3691.885854	605.7579424	-12.73935286	0	177.9782082
116000	612.5958683	975.6592627	1837.787605	731.146214	-12.73935286	0	202.6353549
116100	383.1365211	2278.476312	1149.409563	2088.814145	-12.73935286	0	153.9803841
116200	384.7985123	8533.103757	1154.395537	8224.17669	-12.73935286	0	276.9414888
116300	721.1123989	2989.030038	2163.337197	2889.815708	-12.73935286	0	75.45267081
116400	264.9627445	3335.547032	794.8882336	3299.988389	-12.73935286	0	2.450198213
116500	1601.505182	1910.380021	4804.515547	1794.287899	-12.73935286	0	62.07483074
116600	2136.158464	2984.237051	6408.475391	2682.656266	-12.45320311	0	215.4652419
116700	1879.640848	4272.04023	5638.922544	4158.59455	-12.73935286	0	80.45123901
116800	734.9205641	771.4317984	2204.761692	292.8483174	-12.73935286	0	417.9784848
116900	307.0426712	7932.965132	921.1280136	7754.564997	-12.73935286	0	153.6320043
117000	633.4950902	2208.955245	1900.485271	2174.081114	-12.73935286	0	4.889564613
117100	316.8591492	495.3275336	950.5774476	467.3599819	-12.73935286	0	0.8265450488
117200	100.1482402	3401.420603	300.4447206	3287.899988	-12.73935286	0	78.63542793
117300	1007.236384	676.6742024	3021.709152	506.3464127	-12.63315723	0	138.7349265
117400	539.1934344	757.0251923	1617.580303	655.0718114	-12.63315723	0	64.41912579
117500	842.8948144	2720.33803	2528.684443	2644.435459	-12.73935286	0	4.498425823
117600	412.2974699	1310.121611	1236.89241	1149.782505	-12.73935286	0	116.5783923
117700	169.2996877	5806.699065	507.8990631	5424.938683	-12.73935286	0	337.9424181
117800	758.6431606	1424.53668	2275.929482	1348.026027	-12.73935286	0	22.42845272
117900	271.0451639	1058.233495	813.1354918	812.2957905	-11.99836534	0	190.0811223
118000	317.5297635	1807.68204	952.5892906	1715.124274	-12.45320311	0	65.25777722
118100	1013.725853	935.6103832	3041.177558	708.9870162	-12.73935286	0	185.3210585
118200	236.1655752	3255.253692	708.4967257	2849.462772	-12.63315724	0	372.8473748
118300	522.1411454	7102.82005	1566.423436	6787.651035	-12.73935286	0	290.7314658
118400	791.3713421	529.4421521	2374.114026	497.2705175	-12.63315724	0	3.861191233
118500	175.3136454	263.2475566	525.9409362	227.1468801	-12.73935286	0	0.09273340349
118600	430.89027	5189.397386	1292.67081	4977.701844	-12.73935286	0	179.4432279
118700	553.8372552	536.9162662	1661.511766	247.7908039	-12.73935286	0	254.301749
118800	133.6408872	439.5247403	400.9226616	395.650529	-12.73935286	0	7.459016673
118900	431.6506689	476.9288394	1294.952007	274.6711962	-11.99836535	0	157.8952032
119000	505.9626503	939.302017	1517.887951	848.7968429	-12.63315724	0	58.19794383
119100	179.7819733	6672.286952	539.3459199	6642.872753	-12.45320314	0	6.063235753
119200	467.6473412	1636.713503	1402.942023	1551.930156	-12.63315724	0	48.50986859
119300	516.8781251	4095.788751	1550.634375	4032.806791	-12.63315724	0	39.42327402
119400	228.1728194	894.9903738	684.5184583	829.0416585	-12.73935286	0	33.68371257
119500	295.3091854	6080.309305	885.9275563	5901.954091	-12.73935286	0	148.6374316
119600	612.2421268	2231.83494	1836.726381	2199.811215	-12.73935286	0	2.623189702
119700	338.1384636	3678.3808	1014.415391	3216.382572	-11.99836519	0	407.6693466
119800	387.0116108	4211.868636	1161.034833	3981.73047	-12.73935286	0	181.487441
119900	712.47904	766.8510767	2137.43712	734.5573296	-12.73935286	0	0.3005407839
120000	368.3541594	2700.983121	1105.062478	2305.140257	-12.63315723	0	358.269952
